[0m[[0m[0mdebug[0m] [0m[0m> Exec(testOnly jass.metrics.ClusteringMetricsSpec, None, None)[0m
[0m[[0m[0mdebug[0m] [0m[0mEvaluating tasks: Test / testOnly[0m
[0m[[0m[0mdebug[0m] [0m[0mRunning task... Cancel: Signal, check cycles: false, forcegc: true[0m
[0m[[0m[0minfo[0m] [0m[0mcompiling 1 Scala source to /Users/abidijasser/databricks/ClusteringInfo/target/scala-2.12/classes ...[0m
[0m[[0m[0minfo[0m] [0m[0mdone compiling[0m
[0m[[0m[0minfo[0m] [0m[0m[32mClusteringMetricsSpec:[0m[0m
[0m[[0m[0minfo[0m] [0m[0m[32mcompute the overlap metrics[0m[0m
[0m[[0m[0minfo[0m] [0m[0m[31m- should return file2, file3 and file7 as head of groups *** FAILED ***[0m[0m
[0m[[0m[0minfo[0m] [0m[0m[31m  List(Interval(4,4,[4,4],IntegerType), Interval(1,2,[1,2],IntegerType), Interval(3,4,[3,4],IntegerType), Interval(4,5,[4,5],IntegerType)) was not equal to List(Interval(1,2,file2,IntegerType), Interval(3,4,file3,IntegerType), Interval(14,15,file7,IntegerType)) (ClusteringMetricsSpec.scala:58)[0m[0m
[0m[[0m[0minfo[0m] [0m[0m[31m- should return one only group *** FAILED ***[0m[0m
[0m[[0m[0minfo[0m] [0m[0m[31m  List(Interval(1,2,[1,2],IntegerType)) was not equal to List(Interval(1,2,file2,IntegerType)) (ClusteringMetricsSpec.scala:67)[0m[0m
[0m[[0m[0minfo[0m] [0m[0m[31m- should return every interval as head of separate group *** FAILED ***[0m[0m
[0m[[0m[0minfo[0m] [0m[0m[31m  List() was not equal to List(Interval(1,2,file2,IntegerType), Interval(3,4,file3,IntegerType), Interval(5,6,file4,IntegerType), Interval(7,8,file5,IntegerType)) (ClusteringMetricsSpec.scala:72)[0m[0m
[0m[[0m[0minfo[0m] [0m[0m[31m- should return 2.3333 as overlap depth *** FAILED ***[0m[0m
[0m[[0m[0minfo[0m] [0m[0m[31m  2.75 was not equal to 2.3333 (ClusteringMetricsSpec.scala:86)[0m[0m
[0m[[0m[0minfo[0m] [0m[0m[31m- should return the number of files when all files have the same min max *** FAILED ***[0m[0m
[0m[[0m[0minfo[0m] [0m[0m[31m  ListMap(1.0 -> 0, 2.0 -> 0, 3.0 -> 0, 4.0 -> 5, 5.0 -> 0, 6.0 -> 0, 7.0 -> 0, 8.0 -> 0, 9.0 -> 0, 10.0 -> 0, 11.0 -> 0, 12.0 -> 0, 13.0 -> 0, 14.0 -> 0, 15.0 -> 0, 16.0 -> 0) was not equal to Map(5.0 -> 0, 10.0 -> 0, 14.0 -> 0, 1.0 -> 0, 6.0 -> 0, 9.0 -> 0, 13.0 -> 0, 2.0 -> 0, 12.0 -> 0, 7.0 -> 0, 3.0 -> 0, 16.0 -> 0, 11.0 -> 0, 8.0 -> 0, 4.0 -> 4, 15.0 -> 0) (ClusteringMetricsSpec.scala:102)[0m[0m
[0m[[0m[0minfo[0m] [0m[0m[31m- should return 5.6667 as overlap depth and compute the histogram *** FAILED ***[0m[0m
[0m[[0m[0minfo[0m] [0m[0m[31m  6.4706 was not equal to 5.6667 (ClusteringMetricsSpec.scala:114)[0m[0m
[0m[[0m[0minfo[0m] [0m[0m[31m- should return 1 as overlap depth and compute the histogram *** FAILED ***[0m[0m
[0m[[0m[0minfo[0m] [0m[0m[31m  java.lang.UnsupportedOperationException: empty.max[0m[0m
[0m[[0m[0minfo[0m] [0m[0m[31m  at scala.collection.TraversableOnce.max(TraversableOnce.scala:275)[0m[0m
[0m[[0m[0minfo[0m] [0m[0m[31m  at scala.collection.TraversableOnce.max$(TraversableOnce.scala:273)[0m[0m
[0m[[0m[0minfo[0m] [0m[0m[31m  at scala.collection.AbstractTraversable.max(Traversable.scala:108)[0m[0m
[0m[[0m[0minfo[0m] [0m[0m[31m  at jass.metrics.Distribution$.histogram(Distribution.scala:42)[0m[0m
[0m[[0m[0minfo[0m] [0m[0m[31m  at jass.metrics.ClusteringMetrics$.computeMetrics(ClusteringMetrics.scala:45)[0m[0m
[0m[[0m[0minfo[0m] [0m[0m[31m  at jass.metrics.ClusteringMetricsSpec.$anonfun$new$8(ClusteringMetricsSpec.scala:123)[0m[0m
[0m[[0m[0minfo[0m] [0m[0m[31m  at org.scalatest.OutcomeOf.outcomeOf(OutcomeOf.scala:85)[0m[0m
[0m[[0m[0minfo[0m] [0m[0m[31m  at org.scalatest.OutcomeOf.outcomeOf$(OutcomeOf.scala:83)[0m[0m
[0m[[0m[0minfo[0m] [0m[0m[31m  at org.scalatest.OutcomeOf$.outcomeOf(OutcomeOf.scala:104)[0m[0m
[0m[[0m[0minfo[0m] [0m[0m[31m  at org.scalatest.Transformer.apply(Transformer.scala:22)[0m[0m
[0m[[0m[0minfo[0m] [0m[0m[31m  ...[0m[0m
[0m[[0m[0minfo[0m] [0m[0m[32mNode holding many intervals all in one group[0m[0m
[0m[[0m[0minfo[0m] [0m[0m[32m- should not be empty[0m[0m
[0m[[0m[0minfo[0m] [0m[0m[31m- should return 5 as overlap depth *** FAILED ***[0m[0m
[0m[[0m[0minfo[0m] [0m[0m[31m  ListMap(1.0 -> 0, 2.0 -> 0, 3.0 -> 0, 4.0 -> 0, 5.0 -> 13, 6.0 -> 0, 7.0 -> 0, 8.0 -> 0, 9.0 -> 0, 10.0 -> 0, 11.0 -> 0, 12.0 -> 0, 13.0 -> 0, 14.0 -> 0, 15.0 -> 0, 16.0 -> 0) was not equal to Map(5.0 -> 5, 10.0 -> 0, 14.0 -> 0, 1.0 -> 0, 6.0 -> 0, 9.0 -> 0, 13.0 -> 0, 2.0 -> 0, 12.0 -> 0, 7.0 -> 0, 3.0 -> 0, 16.0 -> 0, 11.0 -> 0, 8.0 -> 0, 4.0 -> 0, 15.0 -> 0) (ClusteringMetricsSpec.scala:159)[0m[0m
[0m[[0m[0minfo[0m] [0m[0m[32mBUG: use the overlapping branches as head of group[0m[0m
[0m[[0m[0minfo[0m] [0m[0m[32mextractIntervals from overlaps[0m[0m
[0m[[0m[0minfo[0m] [0m[0m[36mRun completed in 452 milliseconds.[0m[0m
[0m[[0m[0minfo[0m] [0m[0m[36mTotal number of tests run: 9[0m[0m
[0m[[0m[0minfo[0m] [0m[0m[36mSuites: completed 1, aborted 0[0m[0m
[0m[[0m[0minfo[0m] [0m[0m[36mTests: succeeded 1, failed 8, canceled 0, ignored 0, pending 0[0m[0m
[0m[[0m[0minfo[0m] [0m[0m[31m*** 8 TESTS FAILED ***[0m[0m
[0m[[0m[31merror[0m] [0m[0mFailed tests:[0m
[0m[[0m[31merror[0m] [0m[0m	jass.metrics.ClusteringMetricsSpec[0m
[0m[[0m[31merror[0m] [0m[0m(Test / [31mtestOnly[0m) sbt.TestsFailedException: Tests unsuccessful[0m
[0m[[0m[31merror[0m] [0m[0mTotal time: 2 s, completed Sep 30, 2022 9:37:03 PM[0m
[0m[[0m[0mdebug[0m] [0m[0m> Exec(idea-shell, None, None)[0m
