[0m[[0m[0mdebug[0m] [0m[0m> Exec(testOnly jass.metrics.ClusteringMetricsSpec, None, None)[0m
[0m[[0m[0mdebug[0m] [0m[0mEvaluating tasks: Test / testOnly[0m
[0m[[0m[0mdebug[0m] [0m[0mRunning task... Cancel: Signal, check cycles: false, forcegc: true[0m
[0m[[0m[0minfo[0m] [0m[0mcompiling 1 Scala source to /Users/abidijasser/databricks/ClusteringInfo/target/scala-2.12/classes ...[0m
[0m[[0m[0minfo[0m] [0m[0mdone compiling[0m
[0m[[0m[0minfo[0m] [0m[0m[32mClusteringMetricsSpec:[0m[0m
[0m[[0m[0minfo[0m] [0m[0m[32mcompute the overlap metrics[0m[0m
[0m[[0m[0minfo[0m] [0m[0m[32m- should return file2, file3 and file7 as head of groups[0m[0m
[0m[[0m[0minfo[0m] [0m[0m[32m- should return one only group[0m[0m
[0m[[0m[0minfo[0m] [0m[0m[32m- should return every interval as head of separate group[0m[0m
[0m[[0m[0minfo[0m] [0m[0m[31m- should return 2.3333 as overlap depth *** FAILED ***[0m[0m
[0m[[0m[0minfo[0m] [0m[0m[31m  0.6667 was not equal to 2.3333 (ClusteringMetricsSpec.scala:86)[0m[0m
[0m[[0m[0minfo[0m] [0m[0m[31m- should return the number of files when all files have the same min max *** FAILED ***[0m[0m
[0m[[0m[0minfo[0m] [0m[0m[31m  3.0 was not equal to 4.0 (ClusteringMetricsSpec.scala:100)[0m[0m
[0m[[0m[0minfo[0m] [0m[0m[31m- should return 5.6667 as overlap depth and compute the histogram *** FAILED ***[0m[0m
[0m[[0m[0minfo[0m] [0m[0m[31m  2.8 was not equal to 5.6667 (ClusteringMetricsSpec.scala:114)[0m[0m
[0m[[0m[0minfo[0m] [0m[0m[31m- should return 1 as overlap depth and compute the histogram *** FAILED ***[0m[0m
[0m[[0m[0minfo[0m] [0m[0m[31m  java.util.NoSuchElementException: head of empty list[0m[0m
[0m[[0m[0minfo[0m] [0m[0m[31m  at scala.collection.immutable.Nil$.head(List.scala:469)[0m[0m
[0m[[0m[0minfo[0m] [0m[0m[31m  at scala.collection.immutable.Nil$.head(List.scala:466)[0m[0m
[0m[[0m[0minfo[0m] [0m[0m[31m  at jass.fileStatsIntervalTree.Node$.getMedian(Node.scala:51)[0m[0m
[0m[[0m[0minfo[0m] [0m[0m[31m  at jass.fileStatsIntervalTree.Node$.apply(Node.scala:84)[0m[0m
[0m[[0m[0minfo[0m] [0m[0m[31m  at jass.fileStatsIntervalTree.IntervalTree$.apply(IntervalTree.scala:52)[0m[0m
[0m[[0m[0minfo[0m] [0m[0m[31m  at jass.metrics.ClusteringMetrics$.computeMetrics(ClusteringMetrics.scala:30)[0m[0m
[0m[[0m[0minfo[0m] [0m[0m[31m  at jass.metrics.ClusteringMetricsSpec.$anonfun$new$8(ClusteringMetricsSpec.scala:123)[0m[0m
[0m[[0m[0minfo[0m] [0m[0m[31m  at org.scalatest.OutcomeOf.outcomeOf(OutcomeOf.scala:85)[0m[0m
[0m[[0m[0minfo[0m] [0m[0m[31m  at org.scalatest.OutcomeOf.outcomeOf$(OutcomeOf.scala:83)[0m[0m
[0m[[0m[0minfo[0m] [0m[0m[31m  at org.scalatest.OutcomeOf$.outcomeOf(OutcomeOf.scala:104)[0m[0m
[0m[[0m[0minfo[0m] [0m[0m[31m  ...[0m[0m
[0m[[0m[0minfo[0m] [0m[0m[32mNode holding many intervals all in one group[0m[0m
[0m[[0m[0minfo[0m] [0m[0m[32m- should not be empty[0m[0m
[0m[[0m[0minfo[0m] [0m[0m[31m- should return 5 as overlap depth *** FAILED ***[0m[0m
[0m[[0m[0minfo[0m] [0m[0m[31m  4.0 was not equal to 5.0 (ClusteringMetricsSpec.scala:157)[0m[0m
[0m[[0m[0minfo[0m] [0m[0m[32mBUG: use the overlapping branches as head of group[0m[0m
[0m[[0m[0minfo[0m] [0m[0m[32mextractIntervals from overlaps[0m[0m
[0m[[0m[0minfo[0m] [0m[0m[36mRun completed in 418 milliseconds.[0m[0m
[0m[[0m[0minfo[0m] [0m[0m[36mTotal number of tests run: 9[0m[0m
[0m[[0m[0minfo[0m] [0m[0m[36mSuites: completed 1, aborted 0[0m[0m
[0m[[0m[0minfo[0m] [0m[0m[36mTests: succeeded 4, failed 5, canceled 0, ignored 0, pending 0[0m[0m
[0m[[0m[0minfo[0m] [0m[0m[31m*** 5 TESTS FAILED ***[0m[0m
[0m[[0m[31merror[0m] [0m[0mFailed tests:[0m
[0m[[0m[31merror[0m] [0m[0m	jass.metrics.ClusteringMetricsSpec[0m
[0m[[0m[31merror[0m] [0m[0m(Test / [31mtestOnly[0m) sbt.TestsFailedException: Tests unsuccessful[0m
[0m[[0m[31merror[0m] [0m[0mTotal time: 2 s, completed Sep 30, 2022 9:38:27 PM[0m
[0m[[0m[0mdebug[0m] [0m[0m> Exec(idea-shell, None, None)[0m
