[0m[[0m[0mdebug[0m] [0m[0m> Exec(testOnly depth.IntervalTreeSpec -- -z "get the head of groups", None, None)[0m
[0m[[0m[0mdebug[0m] [0m[0mEvaluating tasks: Test / testOnly[0m
[0m[[0m[0mdebug[0m] [0m[0mRunning task... Cancel: Signal, check cycles: false, forcegc: true[0m
[0m[[0m[0minfo[0m] [0m[0m[32mIntervalTreeSpec:[0m[0m
[0m[[0m[0minfo[0m] [0m[0m[32mTree holding a single interval [1, 5][0m[0m
[0m[[0m[0minfo[0m] [0m[0m[32mdepth.Node holding many intervals[0m[0m
[0m[[0m[0minfo[0m] [0m[0m[32mget the head of groups[0m[0m
[0m[[0m[0minfo[0m] [0m[0m[31m- should return 2 results on query interval [6, 19] *** FAILED ***[0m[0m
[0m[[0m[0minfo[0m] [0m[0m[31m  scala.util.control.BreakControl:[0m[0m
[0m[[0m[0minfo[0m] [0m[0m[31m  ...[0m[0m
[0m[[0m[0minfo[0m] [0m[0mScalaTest[0m
[0m[[0m[0minfo[0m] [0m[0m[36mRun completed in 196 milliseconds.[0m[0m
[0m[[0m[0minfo[0m] [0m[0m[36mTotal number of tests run: 1[0m[0m
[0m[[0m[0minfo[0m] [0m[0m[36mSuites: completed 1, aborted 0[0m[0m
[0m[[0m[0minfo[0m] [0m[0m[36mTests: succeeded 0, failed 1, canceled 0, ignored 0, pending 0[0m[0m
[0m[[0m[0minfo[0m] [0m[0m[31m*** 1 TEST FAILED ***[0m[0m
[0m[[0m[31merror[0m] [0m[0mFailed: Total 1, Failed 1, Errors 0, Passed 0[0m
[0m[[0m[31merror[0m] [0m[0mFailed tests:[0m
[0m[[0m[31merror[0m] [0m[0m	depth.IntervalTreeSpec[0m
[0m[[0m[31merror[0m] [0m[0m(Test / [31mtestOnly[0m) sbt.TestsFailedException: Tests unsuccessful[0m
[0m[[0m[31merror[0m] [0m[0mTotal time: 1 s, completed Apr 26, 2022 4:26:10 PM[0m
[0m[[0m[0mdebug[0m] [0m[0m> Exec(idea-shell, None, None)[0m
