[0m[[0m[0mdebug[0m] [0m[0m> Exec(testOnly jass.metrics.ClusteringMetricsSpec -- -z "compute the overlap metrics", None, None)[0m
[0m[[0m[0mdebug[0m] [0m[0mEvaluating tasks: Test / testOnly[0m
[0m[[0m[0mdebug[0m] [0m[0mRunning task... Cancel: Signal, check cycles: false, forcegc: true[0m
[0m[[0m[0minfo[0m] [0m[0mcompiling 1 Scala source to /Users/abidijasser/databricks/ClusteringInfo/target/scala-2.12/classes ...[0m
[0m[[0m[0minfo[0m] [0m[0mdone compiling[0m
[0m[[0m[0minfo[0m] [0m[0m[32mClusteringMetricsSpec:[0m[0m
[0m[[0m[0minfo[0m] [0m[0m[32mcompute the overlap metrics[0m[0m
[0m[[0m[0minfo[0m] [0m[0m[33m- should return file2, file3 and file7 as head of groups !!! IGNORED !!![0m[0m
[0m[[0m[0minfo[0m] [0m[0m[33m- should return one only group !!! IGNORED !!![0m[0m
[0m[[0m[0minfo[0m] [0m[0m[33m- should return every interval as head of separate group !!! IGNORED !!![0m[0m
[0m[[0m[0minfo[0m] [0m[0m[31m- should return 2.3333 as overlap depth *** FAILED ***[0m[0m
[0m[[0m[0minfo[0m] [0m[0m[31m  ListMap(1.0 -> 0, 2.0 -> 4, 3.0 -> 0, 4.0 -> 0, 5.0 -> 0, 6.0 -> 0, 7.0 -> 0, 8.0 -> 0, 9.0 -> 0, 10.0 -> 0, 11.0 -> 0, 12.0 -> 0, 13.0 -> 0, 14.0 -> 0, 15.0 -> 0, 16.0 -> 0) was not equal to Map(5.0 -> 0, 10.0 -> 0, 14.0 -> 0, 1.0 -> 0, 6.0 -> 0, 9.0 -> 0, 13.0 -> 0, 2.0 -> 5, 12.0 -> 0, 7.0 -> 0, 3.0 -> 0, 16.0 -> 0, 11.0 -> 0, 8.0 -> 0, 4.0 -> 0, 15.0 -> 0) (ClusteringMetricsSpec.scala:99)[0m[0m
[0m[[0m[0minfo[0m] [0m[0m[33m- should return the number of files when all files have the same min max !!! IGNORED !!![0m[0m
[0m[[0m[0minfo[0m] [0m[0m[33m- should return 5.6667 as overlap depth and compute the histogram !!! IGNORED !!![0m[0m
[0m[[0m[0minfo[0m] [0m[0m[33m- should return 1 as overlap depth and compute the histogram !!! IGNORED !!![0m[0m
[0m[[0m[0minfo[0m] [0m[0m[32mNode holding many intervals all in one group[0m[0m
[0m[[0m[0minfo[0m] [0m[0m[36mRun completed in 363 milliseconds.[0m[0m
[0m[[0m[0minfo[0m] [0m[0m[36mTotal number of tests run: 1[0m[0m
[0m[[0m[0minfo[0m] [0m[0m[36mSuites: completed 1, aborted 0[0m[0m
[0m[[0m[0minfo[0m] [0m[0m[36mTests: succeeded 0, failed 1, canceled 0, ignored 6, pending 0[0m[0m
[0m[[0m[0minfo[0m] [0m[0m[31m*** 1 TEST FAILED ***[0m[0m
[0m[[0m[31merror[0m] [0m[0mFailed tests:[0m
[0m[[0m[31merror[0m] [0m[0m	jass.metrics.ClusteringMetricsSpec[0m
[0m[[0m[31merror[0m] [0m[0m(Test / [31mtestOnly[0m) sbt.TestsFailedException: Tests unsuccessful[0m
[0m[[0m[31merror[0m] [0m[0mTotal time: 2 s, completed Oct 8, 2022 6:59:44 PM[0m
[0m[[0m[0mdebug[0m] [0m[0m> Exec(idea-shell, None, None)[0m
