[0m[[0m[0mdebug[0m] [0m[0m> Exec(testOnly delta.metrics.ClusteringMetricsSpec -- -z "compute the overlap metrics", None, None)[0m
[0m[[0m[0mdebug[0m] [0m[0mEvaluating tasks: Test / testOnly[0m
[0m[[0m[0mdebug[0m] [0m[0mRunning task... Cancel: Signal, check cycles: false, forcegc: true[0m
[0m[[0m[0minfo[0m] [0m[0mcompiling 1 Scala source to /Users/abidijasser/databricks/ClusteringInfo/target/scala-2.12/test-classes ...[0m
[0m[[0m[0minfo[0m] [0m[0mdone compiling[0m
[0m[[0m[0minfo[0m] [0m[0m[32mClusteringMetricsSpec:[0m[0m
[0m[[0m[0minfo[0m] [0m[0m[32mcompute the overlap metrics[0m[0m
[0m[[0m[0minfo[0m] [0m[0m[32m- should return file2, file3 and file7 as head of groups[0m[0m
[0m[[0m[0minfo[0m] [0m[0m[32m- should return one only group[0m[0m
[0m[[0m[0minfo[0m] [0m[0m[32m- should return every interval as head of separate group[0m[0m
[0m[[0m[0minfo[0m] [0m[0m[32m- should return 2.3333 as overlap depth[0m[0m
[0m[[0m[0minfo[0m] [0m[0m[32m- should return the number of files when all files have the same min max[0m[0m
[0m[[0m[0minfo[0m] [0m[0m[32m- should return 5.6667 as overlap depth and compute the histogram[0m[0m
[0m[[0m[0minfo[0m] [0m[0m[32m- should return 1 as overlap depth and compute the histogram[0m[0m
[0m[[0m[0minfo[0m] [0m[0m[32mNode holding many intervals all in one group[0m[0m
[0m[[0m[0minfo[0m] [0m[0m[36mRun completed in 224 milliseconds.[0m[0m
[0m[[0m[0minfo[0m] [0m[0m[36mTotal number of tests run: 7[0m[0m
[0m[[0m[0minfo[0m] [0m[0m[36mSuites: completed 1, aborted 0[0m[0m
[0m[[0m[0minfo[0m] [0m[0m[36mTests: succeeded 7, failed 0, canceled 0, ignored 0, pending 0[0m[0m
[0m[[0m[0minfo[0m] [0m[0m[32mAll tests passed.[0m[0m
[0m[[0m[32msuccess[0m] [0m[0mTotal time: 2 s, completed Aug 3, 2022 1:19:01 PM[0m
[0m[[0m[0mdebug[0m] [0m[0m> Exec(idea-shell, None, None)[0m
